Traceback (most recent call last):
  File "/Users/ryannemulligan/.pyenv/versions/3.10.15/lib/python3.10/site-packages/jupyter_cache/executors/utils.py", line 58, in single_nb_execution
    executenb(
  File "/Users/ryannemulligan/.pyenv/versions/3.10.15/lib/python3.10/site-packages/nbclient/client.py", line 1314, in execute
    return NotebookClient(nb=nb, resources=resources, km=km, **kwargs).execute()
  File "/Users/ryannemulligan/.pyenv/versions/3.10.15/lib/python3.10/site-packages/jupyter_core/utils/__init__.py", line 165, in wrapped
    return loop.run_until_complete(inner)
  File "/Users/ryannemulligan/.pyenv/versions/3.10.15/lib/python3.10/asyncio/base_events.py", line 649, in run_until_complete
    return future.result()
  File "/Users/ryannemulligan/.pyenv/versions/3.10.15/lib/python3.10/site-packages/nbclient/client.py", line 709, in async_execute
    await self.async_execute_cell(
  File "/Users/ryannemulligan/.pyenv/versions/3.10.15/lib/python3.10/site-packages/nbclient/client.py", line 1062, in async_execute_cell
    await self._check_raise_for_error(cell, cell_index, exec_reply)
  File "/Users/ryannemulligan/.pyenv/versions/3.10.15/lib/python3.10/site-packages/nbclient/client.py", line 918, in _check_raise_for_error
    raise CellExecutionError.from_cell_and_msg(cell, exec_reply_content)
nbclient.exceptions.CellExecutionError: An error occurred while executing the following cell:
------------------
# Sort paired-end read alignment .bam file by name
samtools sort -n SJAML003320_D3.bam -o SJAML003320_D3_sorted.bam

# Convert the sorted file into two compressed fastq files, each containing one of the paired-end reads
samtools fastq -@ 8 bamInput/SJAML003320_D3_sorted.bam \
    -1 fastqOutput/SJAML003320_D3_R1.fastq.gz \
    -2 fastqOutput/SJAML003320_D3_R2.fastq.gz \
    -0 /dev/null -s /dev/null -n

------------------


[0;36m  Cell [0;32mIn[1], line 2[0;36m[0m
[0;31m    samtools sort -n SJAML003320_D3.bam -o SJAML003320_D3_sorted.bam[0m
[0m             ^[0m
[0;31mSyntaxError[0m[0;31m:[0m invalid syntax


